<?xml version="1.0" encoding="UTF-8"?>
<!-- Generated by org.testng.reporters.JUnitReportReporter -->
<testsuite skipped="0" hostname="DELL5490MCI-116" name="testCases.TC002" tests="1" failures="0" timestamp="14 Feb 2020 06:55:43 GMT" time="0.009" errors="0">
  <testcase name="test1" time="0.009" classname="testCases.TC002"/>
</testsuite> <!-- testCases.TC002 -->
