<?xml version="1.0" encoding="UTF-8"?>
<!-- Generated by org.testng.reporters.JUnitReportReporter -->
<testsuite skipped="0" hostname="DELL5490MCI-116" name="testCases.TC001" tests="1" failures="0" timestamp="14 Feb 2020 08:58:00 GMT" time="70.028" errors="0">
  <testcase name="test" time="70.028" classname="testCases.TC001"/>
</testsuite> <!-- testCases.TC001 -->
